  Validating sources
  Copying sources remotely to '169.254.62.86'
  Validating architecture
  Validating architecture
C:\Program Files\Microsoft Visual Studio\2022\Community\MSBuild\Microsoft\VC\v170\Application Type\Linux\1.0\Linux.targets(201,5): warning : Current project architecture 'ARM64' is incompatible with the remote system architecture 'ARM' ('armv7l'). Please switch the project architecture to 'ARM' in Configuration Manager. If you are cross-compiling you can ignore this warning.
  Starting remote build
  Compiling sources:
  game.cpp
C:\perforceTesting\year1\block b\metalGearPi\gameLinux\..\shared\camera.h(39,15): warning : ‘Camera::target’ will be initialized after [-Wreorder]
C:\perforceTesting\year1\block b\metalGearPi\gameLinux\..\shared\camera.h(34,15): warning : ‘glm::vec3 Camera::up’ [-Wreorder]
C:\perforceTesting\year1\block b\metalGearPi\gameLinux\..\shared\camera.h(27,5): warning : when initialized here [-Wreorder]
C:\perforceTesting\year1\block b\metalGearPi\gameLinux\..\shared\camera.h(72,43): warning : conversion from ‘double’ to ‘float’ may change value [-Wfloat-conversion]
C:\perforceTesting\year1\block b\metalGearPi\gameLinux\..\shared\camera.h(73,23): warning : conversion from ‘double’ to ‘float’ may change value [-Wfloat-conversion]
C:\perforceTesting\year1\block b\metalGearPi\gameLinux\..\shared\camera.h(74,43): warning : conversion from ‘double’ to ‘float’ may change value [-Wfloat-conversion]
  mesh.cpp
  model.cpp
  lnx_input.cpp
C:\perforceTesting\year1\block b\metalGearPi\gameLinux\lnx_input.cpp(195,22): warning : structured bindings only available with ‘-std=c++17’ or ‘-std=gnu++17’
  lnx_shader.cpp
  lnx_window.cpp
  main.cpp
C:\perforceTesting\year1\block b\metalGearPi\gameLinux\..\shared\camera.h(39,15): warning : ‘Camera::target’ will be initialized after [-Wreorder]
C:\perforceTesting\year1\block b\metalGearPi\gameLinux\..\shared\camera.h(34,15): warning : ‘glm::vec3 Camera::up’ [-Wreorder]
C:\perforceTesting\year1\block b\metalGearPi\gameLinux\..\shared\camera.h(27,5): warning : when initialized here [-Wreorder]
C:\perforceTesting\year1\block b\metalGearPi\gameLinux\..\shared\camera.h(72,43): warning : conversion from ‘double’ to ‘float’ may change value [-Wfloat-conversion]
C:\perforceTesting\year1\block b\metalGearPi\gameLinux\..\shared\camera.h(73,23): warning : conversion from ‘double’ to ‘float’ may change value [-Wfloat-conversion]
C:\perforceTesting\year1\block b\metalGearPi\gameLinux\..\shared\camera.h(74,43): warning : conversion from ‘double’ to ‘float’ may change value [-Wfloat-conversion]
  Linking objects
  gameLinux.vcxproj -> C:\perforceTesting\year1\block b\metalGearPi\gameLinux\bin\ARM64\Debug\gameLinux.out
