c:\users\dogef\documents\cpp files\crossplatformtemplate\crossplatformtemplate\gamewindows\x64\debug\vc143.pdb
c:\users\dogef\documents\cpp files\crossplatformtemplate\crossplatformtemplate\gamewindows\x64\debug\vc143.idb
c:\users\dogef\documents\cpp files\crossplatformtemplate\crossplatformtemplate\gamewindows\x64\debug\win_window.obj
c:\users\dogef\documents\cpp files\crossplatformtemplate\crossplatformtemplate\gamewindows\x64\debug\win_input.obj
c:\users\dogef\documents\cpp files\crossplatformtemplate\crossplatformtemplate\gamewindows\x64\debug\win_shader.obj
c:\users\dogef\documents\cpp files\crossplatformtemplate\crossplatformtemplate\gamewindows\x64\debug\main.obj
c:\users\dogef\documents\cpp files\crossplatformtemplate\crossplatformtemplate\gamewindows\x64\debug\model.obj
c:\users\dogef\documents\cpp files\crossplatformtemplate\crossplatformtemplate\gamewindows\x64\debug\mesh.obj
c:\users\dogef\documents\cpp files\crossplatformtemplate\crossplatformtemplate\gamewindows\x64\debug\game.obj
c:\users\dogef\documents\cpp files\crossplatformtemplate\crossplatformtemplate\gamewindows\x64\debug\glad.obj
c:\users\dogef\documents\cpp files\crossplatformtemplate\crossplatformtemplate\x64\debug\gamewindows.exe
c:\users\dogef\documents\cpp files\crossplatformtemplate\crossplatformtemplate\x64\debug\gamewindows.pdb
c:\users\dogef\documents\cpp files\crossplatformtemplate\crossplatformtemplate\gamewindows\x64\debug\gamewindows.ilk
c:\users\dogef\documents\cpp files\crossplatformtemplate\crossplatformtemplate\gamewindows\x64\debug\gamewindows.tlog\cl.command.1.tlog
c:\users\dogef\documents\cpp files\crossplatformtemplate\crossplatformtemplate\gamewindows\x64\debug\gamewindows.tlog\cl.items.tlog
c:\users\dogef\documents\cpp files\crossplatformtemplate\crossplatformtemplate\gamewindows\x64\debug\gamewindows.tlog\cl.read.1.tlog
c:\users\dogef\documents\cpp files\crossplatformtemplate\crossplatformtemplate\gamewindows\x64\debug\gamewindows.tlog\cl.write.1.tlog
c:\users\dogef\documents\cpp files\crossplatformtemplate\crossplatformtemplate\gamewindows\x64\debug\gamewindows.tlog\link.command.1.tlog
c:\users\dogef\documents\cpp files\crossplatformtemplate\crossplatformtemplate\gamewindows\x64\debug\gamewindows.tlog\link.read.1.tlog
c:\users\dogef\documents\cpp files\crossplatformtemplate\crossplatformtemplate\gamewindows\x64\debug\gamewindows.tlog\link.secondary.1.tlog
c:\users\dogef\documents\cpp files\crossplatformtemplate\crossplatformtemplate\gamewindows\x64\debug\gamewindows.tlog\link.write.1.tlog
